<?xml version="1.0" encoding="UTF-8"?>
<testsuites>
  <testsuite name="C:\xampp\htdocs\proyecto-si784-2025-i-u2-documentos_datafiller\DATAFILLER\phpunit.xml" tests="61" assertions="153" errors="0" failures="0" skipped="0" time="1.159523">
    <testsuite name="Unit" tests="61" assertions="153" errors="0" failures="0" skipped="0" time="1.159523">
      <testsuite name="UsuarioControllerTest" file="C:\xampp\htdocs\proyecto-si784-2025-i-u2-documentos_datafiller\DATAFILLER\tests\Unit\UsuarioControllerTest.php" tests="4" assertions="4" errors="0" failures="0" skipped="0" time="0.236286">
        <testcase name="testObtenerDatosParaHeaderConUsuario" file="C:\xampp\htdocs\proyecto-si784-2025-i-u2-documentos_datafiller\DATAFILLER\tests\Unit\UsuarioControllerTest.php" line="56" class="UsuarioControllerTest" classname="UsuarioControllerTest" assertions="1" time="0.227388"/>
        <testcase name="testObtenerConsultasRestantes" file="C:\xampp\htdocs\proyecto-si784-2025-i-u2-documentos_datafiller\DATAFILLER\tests\Unit\UsuarioControllerTest.php" line="90" class="UsuarioControllerTest" classname="UsuarioControllerTest" assertions="1" time="0.002986"/>
        <testcase name="testObtenerDatosParaHeaderSinUsuario" file="C:\xampp\htdocs\proyecto-si784-2025-i-u2-documentos_datafiller\DATAFILLER\tests\Unit\UsuarioControllerTest.php" line="39" class="UsuarioControllerTest" classname="UsuarioControllerTest" assertions="1" time="0.002973"/>
        <testcase name="testObtenerInfoUsuario" file="C:\xampp\htdocs\proyecto-si784-2025-i-u2-documentos_datafiller\DATAFILLER\tests\Unit\UsuarioControllerTest.php" line="77" class="UsuarioControllerTest" classname="UsuarioControllerTest" assertions="1" time="0.002940"/>
      </testsuite>
      <testsuite name="App\Tests\Unit\LoginControllerTest" file="C:\xampp\htdocs\proyecto-si784-2025-i-u2-documentos_datafiller\DATAFILLER\tests\Unit\LoginControllerTest.php" tests="3" assertions="11" errors="0" failures="0" skipped="0" time="0.028916">
        <testcase name="testCamposVaciosRetornaError" file="C:\xampp\htdocs\proyecto-si784-2025-i-u2-documentos_datafiller\DATAFILLER\tests\Unit\LoginControllerTest.php" line="33" class="App\Tests\Unit\LoginControllerTest" classname="App.Tests.Unit.LoginControllerTest" assertions="3" time="0.019016"/>
        <testcase name="testLoginFallido" file="C:\xampp\htdocs\proyecto-si784-2025-i-u2-documentos_datafiller\DATAFILLER\tests\Unit\LoginControllerTest.php" line="82" class="App\Tests\Unit\LoginControllerTest" classname="App.Tests.Unit.LoginControllerTest" assertions="3" time="0.006116"/>
        <testcase name="testLoginExitoso" file="C:\xampp\htdocs\proyecto-si784-2025-i-u2-documentos_datafiller\DATAFILLER\tests\Unit\LoginControllerTest.php" line="43" class="App\Tests\Unit\LoginControllerTest" classname="App.Tests.Unit.LoginControllerTest" assertions="5" time="0.003783"/>
      </testsuite>
      <testsuite name="App\Tests\Unit\SqlAnalyzerControllerTest" file="C:\xampp\htdocs\proyecto-si784-2025-i-u2-documentos_datafiller\DATAFILLER\tests\Unit\SqlAnalyzerControllerTest.php" tests="11" assertions="47" errors="0" failures="0" skipped="0" time="0.187933">
        <testcase name="testLimpiarScript" file="C:\xampp\htdocs\proyecto-si784-2025-i-u2-documentos_datafiller\DATAFILLER\tests\Unit\SqlAnalyzerControllerTest.php" line="193" class="App\Tests\Unit\SqlAnalyzerControllerTest" classname="App.Tests.Unit.SqlAnalyzerControllerTest" assertions="5" time="0.113898"/>
        <testcase name="testDeterminarTipoGeneracionSwitches" file="C:\xampp\htdocs\proyecto-si784-2025-i-u2-documentos_datafiller\DATAFILLER\tests\Unit\SqlAnalyzerControllerTest.php" line="233" class="App\Tests\Unit\SqlAnalyzerControllerTest" classname="App.Tests.Unit.SqlAnalyzerControllerTest" assertions="6" time="0.003886"/>
        <testcase name="testLimiteConsultasAgotadoDevuelveError" file="C:\xampp\htdocs\proyecto-si784-2025-i-u2-documentos_datafiller\DATAFILLER\tests\Unit\SqlAnalyzerControllerTest.php" line="71" class="App\Tests\Unit\SqlAnalyzerControllerTest" classname="App.Tests.Unit.SqlAnalyzerControllerTest" assertions="3" time="0.003639"/>
        <testcase name="testProcesarColumnaParserEnumSinValores" file="C:\xampp\htdocs\proyecto-si784-2025-i-u2-documentos_datafiller\DATAFILLER\tests\Unit\SqlAnalyzerControllerTest.php" line="150" class="App\Tests\Unit\SqlAnalyzerControllerTest" classname="App.Tests.Unit.SqlAnalyzerControllerTest" assertions="3" time="0.010174"/>
        <testcase name="testProcesarColumnaParserConOpcionesVariadas" file="C:\xampp\htdocs\proyecto-si784-2025-i-u2-documentos_datafiller\DATAFILLER\tests\Unit\SqlAnalyzerControllerTest.php" line="164" class="App\Tests\Unit\SqlAnalyzerControllerTest" classname="App.Tests.Unit.SqlAnalyzerControllerTest" assertions="4" time="0.005338"/>
        <testcase name="testEstructuraValidaDevuelveTablas" file="C:\xampp\htdocs\proyecto-si784-2025-i-u2-documentos_datafiller\DATAFILLER\tests\Unit\SqlAnalyzerControllerTest.php" line="110" class="App\Tests\Unit\SqlAnalyzerControllerTest" classname="App.Tests.Unit.SqlAnalyzerControllerTest" assertions="5" time="0.017550"/>
        <testcase name="testConstruirModificadores" file="C:\xampp\htdocs\proyecto-si784-2025-i-u2-documentos_datafiller\DATAFILLER\tests\Unit\SqlAnalyzerControllerTest.php" line="185" class="App\Tests\Unit\SqlAnalyzerControllerTest" classname="App.Tests.Unit.SqlAnalyzerControllerTest" assertions="4" time="0.002935"/>
        <testcase name="testProcesarColumnaParserReturnsNullIfNoType" file="C:\xampp\htdocs\proyecto-si784-2025-i-u2-documentos_datafiller\DATAFILLER\tests\Unit\SqlAnalyzerControllerTest.php" line="140" class="App\Tests\Unit\SqlAnalyzerControllerTest" classname="App.Tests.Unit.SqlAnalyzerControllerTest" assertions="1" time="0.003655"/>
        <testcase name="testDividirPorComasSegurasConCasosComplejos" file="C:\xampp\htdocs\proyecto-si784-2025-i-u2-documentos_datafiller\DATAFILLER\tests\Unit\SqlAnalyzerControllerTest.php" line="218" class="App\Tests\Unit\SqlAnalyzerControllerTest" classname="App.Tests.Unit.SqlAnalyzerControllerTest" assertions="3" time="0.013111"/>
        <testcase name="testDeterminarTipoGeneracionPorNombre" file="C:\xampp\htdocs\proyecto-si784-2025-i-u2-documentos_datafiller\DATAFILLER\tests\Unit\SqlAnalyzerControllerTest.php" line="203" class="App\Tests\Unit\SqlAnalyzerControllerTest" classname="App.Tests.Unit.SqlAnalyzerControllerTest" assertions="10" time="0.005391"/>
        <testcase name="testSinTablasEnScriptDevuelveSinTablas" file="C:\xampp\htdocs\proyecto-si784-2025-i-u2-documentos_datafiller\DATAFILLER\tests\Unit\SqlAnalyzerControllerTest.php" line="91" class="App\Tests\Unit\SqlAnalyzerControllerTest" classname="App.Tests.Unit.SqlAnalyzerControllerTest" assertions="3" time="0.008355"/>
      </testsuite>
      <testsuite name="App\Tests\Unit\UsuarioTest" file="C:\xampp\htdocs\proyecto-si784-2025-i-u2-documentos_datafiller\DATAFILLER\tests\Unit\UsuarioTest.php" tests="34" assertions="60" errors="0" failures="0" skipped="0" time="0.462794">
        <testcase name="testPuedeRealizarConsultaMismoDiaMaximo" file="C:\xampp\htdocs\proyecto-si784-2025-i-u2-documentos_datafiller\DATAFILLER\tests\Unit\UsuarioTest.php" line="284" class="App\Tests\Unit\UsuarioTest" classname="App.Tests.Unit.UsuarioTest" assertions="1" time="0.005010"/>
        <testcase name="testObtenerInfoCompleta" file="C:\xampp\htdocs\proyecto-si784-2025-i-u2-documentos_datafiller\DATAFILLER\tests\Unit\UsuarioTest.php" line="52" class="App\Tests\Unit\UsuarioTest" classname="App.Tests.Unit.UsuarioTest" assertions="2" time="0.007162"/>
        <testcase name="testCrearDevuelveFalseCuandoYaExisteUsuario" file="C:\xampp\htdocs\proyecto-si784-2025-i-u2-documentos_datafiller\DATAFILLER\tests\Unit\UsuarioTest.php" line="81" class="App\Tests\Unit\UsuarioTest" classname="App.Tests.Unit.UsuarioTest" assertions="2" time="0.003122"/>
        <testcase name="testBuscarPorEmail" file="C:\xampp\htdocs\proyecto-si784-2025-i-u2-documentos_datafiller\DATAFILLER\tests\Unit\UsuarioTest.php" line="27" class="App\Tests\Unit\UsuarioTest" classname="App.Tests.Unit.UsuarioTest" assertions="2" time="0.003699"/>
        <testcase name="testBuscarPorNombreException" file="C:\xampp\htdocs\proyecto-si784-2025-i-u2-documentos_datafiller\DATAFILLER\tests\Unit\UsuarioTest.php" line="185" class="App\Tests\Unit\UsuarioTest" classname="App.Tests.Unit.UsuarioTest" assertions="1" time="0.004783"/>
        <testcase name="testIncrementarConsultasSinRegistros" file="C:\xampp\htdocs\proyecto-si784-2025-i-u2-documentos_datafiller\DATAFILLER\tests\Unit\UsuarioTest.php" line="610" class="App\Tests\Unit\UsuarioTest" classname="App.Tests.Unit.UsuarioTest" assertions="1" time="0.002948"/>
        <testcase name="testValidarLoginCatchBlock" file="C:\xampp\htdocs\proyecto-si784-2025-i-u2-documentos_datafiller\DATAFILLER\tests\Unit\UsuarioTest.php" line="542" class="App\Tests\Unit\UsuarioTest" classname="App.Tests.Unit.UsuarioTest" assertions="3" time="0.004723"/>
        <testcase name="testValidarLoginUsuarioNoExiste" file="C:\xampp\htdocs\proyecto-si784-2025-i-u2-documentos_datafiller\DATAFILLER\tests\Unit\UsuarioTest.php" line="560" class="App\Tests\Unit\UsuarioTest" classname="App.Tests.Unit.UsuarioTest" assertions="1" time="0.003121"/>
        <testcase name="testPuedeRealizarConsultaUsuarioNoExiste" file="C:\xampp\htdocs\proyecto-si784-2025-i-u2-documentos_datafiller\DATAFILLER\tests\Unit\UsuarioTest.php" line="531" class="App\Tests\Unit\UsuarioTest" classname="App.Tests.Unit.UsuarioTest" assertions="1" time="0.003013"/>
        <testcase name="testObtenerInfoUsuario" file="C:\xampp\htdocs\proyecto-si784-2025-i-u2-documentos_datafiller\DATAFILLER\tests\Unit\UsuarioTest.php" line="68" class="App\Tests\Unit\UsuarioTest" classname="App.Tests.Unit.UsuarioTest" assertions="2" time="0.004655"/>
        <testcase name="testBuscarPorNombre" file="C:\xampp\htdocs\proyecto-si784-2025-i-u2-documentos_datafiller\DATAFILLER\tests\Unit\UsuarioTest.php" line="154" class="App\Tests\Unit\UsuarioTest" classname="App.Tests.Unit.UsuarioTest" assertions="2" time="0.002954"/>
        <testcase name="testIncrementarConsultas" file="C:\xampp\htdocs\proyecto-si784-2025-i-u2-documentos_datafiller\DATAFILLER\tests\Unit\UsuarioTest.php" line="302" class="App\Tests\Unit\UsuarioTest" classname="App.Tests.Unit.UsuarioTest" assertions="2" time="0.003344"/>
        <testcase name="testBuscarPorEmailException" file="C:\xampp\htdocs\proyecto-si784-2025-i-u2-documentos_datafiller\DATAFILLER\tests\Unit\UsuarioTest.php" line="40" class="App\Tests\Unit\UsuarioTest" classname="App.Tests.Unit.UsuarioTest" assertions="1" time="0.004150"/>
        <testcase name="testPuedeRealizarConsultaMismoDiaMenosLimite" file="C:\xampp\htdocs\proyecto-si784-2025-i-u2-documentos_datafiller\DATAFILLER\tests\Unit\UsuarioTest.php" line="266" class="App\Tests\Unit\UsuarioTest" classname="App.Tests.Unit.UsuarioTest" assertions="1" time="0.003140"/>
        <testcase name="testObtenerPlanUsuario" file="C:\xampp\htdocs\proyecto-si784-2025-i-u2-documentos_datafiller\DATAFILLER\tests\Unit\UsuarioTest.php" line="459" class="App\Tests\Unit\UsuarioTest" classname="App.Tests.Unit.UsuarioTest" assertions="2" time="0.003656"/>
        <testcase name="testLimpiarTokensExpiradosExecuteFails" file="C:\xampp\htdocs\proyecto-si784-2025-i-u2-documentos_datafiller\DATAFILLER\tests\Unit\UsuarioTest.php" line="435" class="App\Tests\Unit\UsuarioTest" classname="App.Tests.Unit.UsuarioTest" assertions="1" time="0.003270"/>
        <testcase name="testCrudTokensYPassword" file="C:\xampp\htdocs\proyecto-si784-2025-i-u2-documentos_datafiller\DATAFILLER\tests\Unit\UsuarioTest.php" line="408" class="App\Tests\Unit\UsuarioTest" classname="App.Tests.Unit.UsuarioTest" assertions="5" time="0.060917"/>
        <testcase name="testLimpiarTokensExpiradosException" file="C:\xampp\htdocs\proyecto-si784-2025-i-u2-documentos_datafiller\DATAFILLER\tests\Unit\UsuarioTest.php" line="447" class="App\Tests\Unit\UsuarioTest" classname="App.Tests.Unit.UsuarioTest" assertions="1" time="0.004190"/>
        <testcase name="testValidarLoginExitoYFallo" file="C:\xampp\htdocs\proyecto-si784-2025-i-u2-documentos_datafiller\DATAFILLER\tests\Unit\UsuarioTest.php" line="197" class="App\Tests\Unit\UsuarioTest" classname="App.Tests.Unit.UsuarioTest" assertions="3" time="0.164231"/>
        <testcase name="testObtenerConsultasRestantes" file="C:\xampp\htdocs\proyecto-si784-2025-i-u2-documentos_datafiller\DATAFILLER\tests\Unit\UsuarioTest.php" line="341" class="App\Tests\Unit\UsuarioTest" classname="App.Tests.Unit.UsuarioTest" assertions="3" time="0.004533"/>
        <testcase name="testPuedeRealizarConsultaCatchException" file="C:\xampp\htdocs\proyecto-si784-2025-i-u2-documentos_datafiller\DATAFILLER\tests\Unit\UsuarioTest.php" line="225" class="App\Tests\Unit\UsuarioTest" classname="App.Tests.Unit.UsuarioTest" assertions="1" time="0.003748"/>
        <testcase name="testObtenerConsultasHoy" file="C:\xampp\htdocs\proyecto-si784-2025-i-u2-documentos_datafiller\DATAFILLER\tests\Unit\UsuarioTest.php" line="324" class="App\Tests\Unit\UsuarioTest" classname="App.Tests.Unit.UsuarioTest" assertions="2" time="0.004220"/>
        <testcase name="testObtenerEstadisticasUsuario" file="C:\xampp\htdocs\proyecto-si784-2025-i-u2-documentos_datafiller\DATAFILLER\tests\Unit\UsuarioTest.php" line="471" class="App\Tests\Unit\UsuarioTest" classname="App.Tests.Unit.UsuarioTest" assertions="2" time="0.007316"/>
        <testcase name="testValidarLoginDevuelveFalsoSiNoExisteUsuario" file="C:\xampp\htdocs\proyecto-si784-2025-i-u2-documentos_datafiller\DATAFILLER\tests\Unit\UsuarioTest.php" line="622" class="App\Tests\Unit\UsuarioTest" classname="App.Tests.Unit.UsuarioTest" assertions="1" time="0.003317"/>
        <testcase name="testCrearInsertaYDevuelveTrueCuandoNoExiste" file="C:\xampp\htdocs\proyecto-si784-2025-i-u2-documentos_datafiller\DATAFILLER\tests\Unit\UsuarioTest.php" line="126" class="App\Tests\Unit\UsuarioTest" classname="App.Tests.Unit.UsuarioTest" assertions="2" time="0.059914"/>
        <testcase name="testCrearDevuelveFalseCuandoInsercionFalla" file="C:\xampp\htdocs\proyecto-si784-2025-i-u2-documentos_datafiller\DATAFILLER\tests\Unit\UsuarioTest.php" line="102" class="App\Tests\Unit\UsuarioTest" classname="App.Tests.Unit.UsuarioTest" assertions="1" time="0.059574"/>
        <testcase name="testPuedeRealizarConsultaNuevoDia" file="C:\xampp\htdocs\proyecto-si784-2025-i-u2-documentos_datafiller\DATAFILLER\tests\Unit\UsuarioTest.php" line="248" class="App\Tests\Unit\UsuarioTest" classname="App.Tests.Unit.UsuarioTest" assertions="1" time="0.003588"/>
        <testcase name="testValidarLoginCachaExcepcionYDevuelveFalso" file="C:\xampp\htdocs\proyecto-si784-2025-i-u2-documentos_datafiller\DATAFILLER\tests\Unit\UsuarioTest.php" line="637" class="App\Tests\Unit\UsuarioTest" classname="App.Tests.Unit.UsuarioTest" assertions="1" time="0.003856"/>
        <testcase name="testExisteUsuario" file="C:\xampp\htdocs\proyecto-si784-2025-i-u2-documentos_datafiller\DATAFILLER\tests\Unit\UsuarioTest.php" line="396" class="App\Tests\Unit\UsuarioTest" classname="App.Tests.Unit.UsuarioTest" assertions="3" time="0.003750"/>
        <testcase name="testActualizarPlan" file="C:\xampp\htdocs\proyecto-si784-2025-i-u2-documentos_datafiller\DATAFILLER\tests\Unit\UsuarioTest.php" line="385" class="App\Tests\Unit\UsuarioTest" classname="App.Tests.Unit.UsuarioTest" assertions="2" time="0.003749"/>
        <testcase name="testPuedeRealizarConsultaPremium" file="C:\xampp\htdocs\proyecto-si784-2025-i-u2-documentos_datafiller\DATAFILLER\tests\Unit\UsuarioTest.php" line="231" class="App\Tests\Unit\UsuarioTest" classname="App.Tests.Unit.UsuarioTest" assertions="1" time="0.002598"/>
        <testcase name="testCalcularConsultasRestantes" file="C:\xampp\htdocs\proyecto-si784-2025-i-u2-documentos_datafiller\DATAFILLER\tests\Unit\UsuarioTest.php" line="496" class="App\Tests\Unit\UsuarioTest" classname="App.Tests.Unit.UsuarioTest" assertions="3" time="0.004047"/>
        <testcase name="testIncrementarConsultasNuevoDia" file="C:\xampp\htdocs\proyecto-si784-2025-i-u2-documentos_datafiller\DATAFILLER\tests\Unit\UsuarioTest.php" line="574" class="App\Tests\Unit\UsuarioTest" classname="App.Tests.Unit.UsuarioTest" assertions="2" time="0.003090"/>
        <testcase name="testIncrementarConsultasCatchException" file="C:\xampp\htdocs\proyecto-si784-2025-i-u2-documentos_datafiller\DATAFILLER\tests\Unit\UsuarioTest.php" line="603" class="App\Tests\Unit\UsuarioTest" classname="App.Tests.Unit.UsuarioTest" assertions="1" time="0.003406"/>
      </testsuite>
      <testsuite name="App\Tests\Unit\DataGeneratorControllerTest" file="C:\xampp\htdocs\proyecto-si784-2025-i-u2-documentos_datafiller\DATAFILLER\tests\Unit\DataGeneratorControllerTest.php" tests="1" assertions="1" errors="0" failures="0" skipped="0" time="0.120396">
        <testcase name="testControllerSeCreaCorrectamente" file="C:\xampp\htdocs\proyecto-si784-2025-i-u2-documentos_datafiller\DATAFILLER\tests\Unit\DataGeneratorControllerTest.php" line="39" class="App\Tests\Unit\DataGeneratorControllerTest" classname="App.Tests.Unit.DataGeneratorControllerTest" assertions="1" time="0.120396"/>
      </testsuite>
      <testsuite name="App\Tests\Unit\AnalyticsControllerTest" file="C:\xampp\htdocs\proyecto-si784-2025-i-u2-documentos_datafiller\DATAFILLER\tests\Unit\AnalyticsControllerTest.php" tests="2" assertions="10" errors="0" failures="0" skipped="0" time="0.015841">
        <testcase name="testRegistrarDescargaUsuarioNoAutenticado" file="C:\xampp\htdocs\proyecto-si784-2025-i-u2-documentos_datafiller\DATAFILLER\tests\Unit\AnalyticsControllerTest.php" line="30" class="App\Tests\Unit\AnalyticsControllerTest" classname="App.Tests.Unit.AnalyticsControllerTest" assertions="2" time="0.011601"/>
        <testcase name="testRegistrarDescargaUsuarioAutenticado" file="C:\xampp\htdocs\proyecto-si784-2025-i-u2-documentos_datafiller\DATAFILLER\tests\Unit\AnalyticsControllerTest.php" line="39" class="App\Tests\Unit\AnalyticsControllerTest" classname="App.Tests.Unit.AnalyticsControllerTest" assertions="8" time="0.004240"/>
      </testsuite>
      <testsuite name="Tests\Controllers\DebugHelperTest" file="C:\xampp\htdocs\proyecto-si784-2025-i-u2-documentos_datafiller\DATAFILLER\tests\Unit\DebugHelperTest.php" tests="2" assertions="8" errors="0" failures="0" skipped="0" time="0.071018">
        <testcase name="testLogCreatesDirectoryAndFileAndWritesMessage" file="C:\xampp\htdocs\proyecto-si784-2025-i-u2-documentos_datafiller\DATAFILLER\tests\Unit\DebugHelperTest.php" line="37" class="Tests\Controllers\DebugHelperTest" classname="Tests.Controllers.DebugHelperTest" assertions="4" time="0.036017"/>
        <testcase name="testLogAppendsMessages" file="C:\xampp\htdocs\proyecto-si784-2025-i-u2-documentos_datafiller\DATAFILLER\tests\Unit\DebugHelperTest.php" line="52" class="Tests\Controllers\DebugHelperTest" classname="Tests.Controllers.DebugHelperTest" assertions="4" time="0.035000"/>
      </testsuite>
      <testsuite name="App\Tests\Unit\ClearResultsControllerTest" file="C:\xampp\htdocs\proyecto-si784-2025-i-u2-documentos_datafiller\DATAFILLER\tests\Unit\ClearResultsControllerTest.php" tests="1" assertions="6" errors="0" failures="0" skipped="0" time="0.010923">
        <testcase name="testClearResultsLimpiaVariablesDeSesionYRetornaSuccess" file="C:\xampp\htdocs\proyecto-si784-2025-i-u2-documentos_datafiller\DATAFILLER\tests\Unit\ClearResultsControllerTest.php" line="19" class="App\Tests\Unit\ClearResultsControllerTest" classname="App.Tests.Unit.ClearResultsControllerTest" assertions="6" time="0.010923"/>
      </testsuite>
      <testsuite name="RegistroControllerTest" file="C:\xampp\htdocs\proyecto-si784-2025-i-u2-documentos_datafiller\DATAFILLER\tests\Unit\RegistroControllerTest.php" tests="3" assertions="6" errors="0" failures="0" skipped="0" time="0.025417">
        <testcase name="testRegistrarContraseñasNoCoinciden" file="C:\xampp\htdocs\proyecto-si784-2025-i-u2-documentos_datafiller\DATAFILLER\tests\Unit\RegistroControllerTest.php" line="52" class="RegistroControllerTest" classname="RegistroControllerTest" assertions="2" time="0.018872"/>
        <testcase name="testRegistrarEmailInvalido" file="C:\xampp\htdocs\proyecto-si784-2025-i-u2-documentos_datafiller\DATAFILLER\tests\Unit\RegistroControllerTest.php" line="35" class="RegistroControllerTest" classname="RegistroControllerTest" assertions="2" time="0.003950"/>
        <testcase name="testRegistrarDatosIncompletos" file="C:\xampp\htdocs\proyecto-si784-2025-i-u2-documentos_datafiller\DATAFILLER\tests\Unit\RegistroControllerTest.php" line="18" class="RegistroControllerTest" classname="RegistroControllerTest" assertions="2" time="0.002594"/>
      </testsuite>
    </testsuite>
  </testsuite>
</testsuites>
